<?xml version="1.0" encoding="UTF-8"?>
<testsuite name="apatch_http_client.AppTest" tests="1" skipped="0" failures="0" errors="0" timestamp="2022-12-19T11:16:19" hostname="PC00077.local" time="0.004">
  <properties/>
  <testcase name="appHasAGreeting" classname="apatch_http_client.AppTest" time="0.004"/>
  <system-out><![CDATA[]]></system-out>
  <system-err><![CDATA[]]></system-err>
</testsuite>
